#
# There is insufficient memory for the Java Runtime Environment to continue.
# Native memory allocation (malloc) failed to allocate 32744 bytes for ChunkPool::allocate
# Possible reasons:
#   The system is out of physical RAM or swap space
#   The process is running with CompressedOops enabled, and the Java Heap may be blocking the growth of the native heap
# Possible solutions:
#   Reduce memory load on the system
#   Increase physical memory or swap space
#   Check if swap backing store is full
#   Decrease Java heap size (-Xmx/-Xms)
#   Decrease number of Java threads
#   Decrease Java thread stack sizes (-Xss)
#   Set larger code cache with -XX:ReservedCodeCacheSize=
#   JVM is running with Unscaled Compressed Oops mode in which the Java heap is
#     placed in the first 4GB address space. The Java Heap base address is the
#     maximum limit for the native heap growth. Please use -XX:HeapBaseMinAddress
#     to set the Java Heap base and to place the Java Heap above 4GB virtual address.
# This output file may be truncated or incomplete.
#
#  Out of Memory Error (allocation.cpp:272), pid=12820, tid=0x0000000000001204
#
# JRE version: OpenJDK Runtime Environment (8.0_242-b01) (build 1.8.0_242-release-1644-b01)
# Java VM: OpenJDK 64-Bit Server VM (25.242-b01 mixed mode windows-amd64 compressed oops)
# Failed to write core dump. Minidumps are not enabled by default on client versions of Windows
#

---------------  T H R E A D  ---------------

Current thread (0x00000000163a9000):  JavaThread "C2 CompilerThread1" daemon [_thread_in_native, id=4612, stack(0x0000000017b00000,0x0000000017c00000)]

Stack: [0x0000000017b00000,0x0000000017c00000]
[error occurred during error reporting (printing stack bounds), id 0xc0000005]

Native frames: (J=compiled Java code, j=interpreted, Vv=VM code, C=native code)


Current CompileTask:
C2:  77018 2146       4       java.net.URLClassLoader$1::run (5 bytes)


---------------  P R O C E S S  ---------------

Java Threads: ( => current thread )
  0x00000000192d4800 JavaThread "Cache worker for file hash cache (C:\Users\Administrator\Desktop\#100DaysOfCode\AngelaCourses\dicee\android\.gradle\5.4.1\fileHashes)" [_thread_blocked, id=9684, stack(0x000000001d2f0000,0x000000001d3f0000)]
  0x00000000192d5000 JavaThread "Cache worker for journal cache (C:\Users\Administrator\.gradle\caches\journal-1)" [_thread_blocked, id=2468, stack(0x000000001af50000,0x000000001b050000)]
  0x00000000192d6800 JavaThread "File lock request listener" [_thread_in_native, id=14536, stack(0x000000001ae50000,0x000000001af50000)]
  0x00000000192d8000 JavaThread "Cache worker for file hash cache (C:\Users\Administrator\.gradle\caches\5.4.1\fileHashes)" [_thread_blocked, id=2164, stack(0x000000001ad50000,0x000000001ae50000)]
  0x0000000017d39000 JavaThread "Thread-9" [_thread_blocked, id=16912, stack(0x000000001ac50000,0x000000001ad50000)]
  0x000000001948b800 JavaThread "Stdin handler" [_thread_blocked, id=12968, stack(0x000000001ab50000,0x000000001ac50000)]
  0x000000001948a800 JavaThread "Asynchronous log dispatcher for DefaultDaemonConnection: socket connection from /127.0.0.1:57997 to /127.0.0.1:57998" [_thread_blocked, id=12596, stack(0x000000001a850000,0x000000001a950000)]
  0x0000000019468000 JavaThread "Daemon worker" [_thread_in_native, id=11724, stack(0x000000001a750000,0x000000001a850000)]
  0x0000000019466000 JavaThread "Cancel handler" [_thread_blocked, id=15944, stack(0x000000001a650000,0x000000001a750000)]
  0x0000000019465000 JavaThread "Handler for socket connection from /127.0.0.1:57997 to /127.0.0.1:57998" [_thread_in_native, id=14984, stack(0x000000001a550000,0x000000001a650000)]
  0x000000001943b800 JavaThread "Daemon" [_thread_blocked, id=2304, stack(0x000000001a450000,0x000000001a550000)]
  0x00000000186d1000 JavaThread "Daemon periodic checks" [_thread_blocked, id=16980, stack(0x000000001a350000,0x000000001a450000)]
  0x00000000186d0000 JavaThread "Incoming local TCP Connector on port 57997" [_thread_in_native, id=6560, stack(0x000000001a110000,0x000000001a210000)]
  0x0000000018646000 JavaThread "Daemon health stats" [_thread_blocked, id=13068, stack(0x0000000019ad0000,0x0000000019bd0000)]
  0x0000000017d29800 JavaThread "Service Thread" daemon [_thread_blocked, id=16228, stack(0x0000000018100000,0x0000000018200000)]
  0x00000000163ad800 JavaThread "C1 CompilerThread2" daemon [_thread_blocked, id=12868, stack(0x0000000017c00000,0x0000000017d00000)]
=>0x00000000163a9000 JavaThread "C2 CompilerThread1" daemon [_thread_in_native, id=4612, stack(0x0000000017b00000,0x0000000017c00000)]
  0x000000001639c000 JavaThread "C2 CompilerThread0" daemon [_thread_in_native, id=14832, stack(0x0000000017a00000,0x0000000017b00000)]
  0x000000001639b000 JavaThread "Attach Listener" daemon [_thread_blocked, id=12176, stack(0x0000000017900000,0x0000000017a00000)]
  0x0000000016398000 JavaThread "Signal Dispatcher" daemon [_thread_blocked, id=2168, stack(0x0000000017800000,0x0000000017900000)]
  0x0000000002a1c000 JavaThread "Finalizer" daemon [_thread_blocked, id=6896, stack(0x0000000017600000,0x0000000017700000)]
  0x0000000002a13000 JavaThread "Reference Handler" daemon [_thread_blocked, id=18092, stack(0x0000000017500000,0x0000000017600000)]
  0x0000000002923000 JavaThread "main" [_thread_blocked, id=14056, stack(0x0000000002760000,0x0000000002860000)]

Other Threads:
  0x0000000016356800 VMThread [stack: 0x0000000017400000,0x0000000017500000] [id=15436]
  0x0000000017d3a000 WatcherThread [stack: 0x0000000018200000,0x0000000018300000] [id=7848]

VM state:not at safepoint (normal execution)

VM Mutex/Monitor currently owned by a thread: None

heap address: 0x00000000a0000000, size: 1536 MB, Compressed Oops mode: 32-bit
Narrow klass base: 0x0000000000000000, Narrow klass shift: 3
Compressed class space size: 1073741824 Address: 0x0000000100000000

Heap:
 PSYoungGen      total 56832K, used 47054K [0x00000000e0000000, 0x00000000e3f00000, 0x0000000100000000)
  eden space 49152K, 95% used [0x00000000e0000000,0x00000000e2df3aa0,0x00000000e3000000)
  from space 7680K, 0% used [0x00000000e3780000,0x00000000e3780000,0x00000000e3f00000)
  to   space 7680K, 0% used [0x00000000e3000000,0x00000000e3000000,0x00000000e3780000)
 ParOldGen       total 61440K, used 9507K [0x00000000a0000000, 0x00000000a3c00000, 0x00000000e0000000)
  object space 61440K, 15% used [0x00000000a0000000,0x00000000a0948d38,0x00000000a3c00000)
 Metaspace       used 26034K, capacity 26460K, committed 26752K, reserved 1073152K
  class space    used 3519K, capacity 3666K, committed 3712K, reserved 1048576K

Card table byte_map: [0x0000000011de0000,0x00000000120f0000] byte_map_base: 0x00000000118e0000

Marking Bits: (ParMarkBitMap*) 0x000000006b9bf030
 Begin Bits: [0x00000000126f0000, 0x0000000013ef0000)
 End Bits:   [0x0000000013ef0000, 0x00000000156f0000)

Polling page: 0x00000000009a0000

CodeCache: size=245760Kb used=7707Kb max_used=7732Kb free=238052Kb
 bounds [0x0000000002a20000, 0x00000000031c0000, 0x0000000011a20000]
 total_blobs=2631 nmethods=1968 adapters=576
 compilation: enabled

Compilation events (10 events):
Event: 76.402 Thread 0x00000000163a9000 2146       4       java.net.URLClassLoader$1::run (5 bytes)
Event: 76.402 Thread 0x000000001639c000 2147   !   4       java.net.URLClassLoader$1::run (63 bytes)
Event: 76.454 Thread 0x00000000163ad800 2148       3       java.lang.Long::bitCount (61 bytes)
Event: 76.454 Thread 0x00000000163ad800 nmethod 2148 0x0000000002bd3ed0 code [0x0000000002bd4020, 0x0000000002bd41d0]
Event: 76.455 Thread 0x00000000163ad800 2151       3       java.util.HashMap::get (23 bytes)
Event: 76.455 Thread 0x00000000163ad800 nmethod 2151 0x0000000002bd4910 code [0x0000000002bd4aa0, 0x0000000002bd4e98]
Event: 76.456 Thread 0x00000000163ad800 2152       3       sun.reflect.generics.reflectiveObjects.ParameterizedTypeImpl::getActualTypeArguments (11 bytes)
Event: 76.457 Thread 0x00000000163ad800 nmethod 2152 0x0000000002baf110 code [0x0000000002baf280, 0x0000000002baf5a8]
Event: 76.457 Thread 0x00000000163ad800 2153       3       sun.reflect.generics.visitor.Reifier::reifyTypeArguments (38 bytes)
Event: 76.457 Thread 0x00000000163ad800 nmethod 2153 0x0000000003193e90 code [0x0000000003194020, 0x0000000003194508]

GC Heap History (10 events):
Event: 18.823 GC heap before
{Heap before GC invocations=1 (full 0):
 PSYoungGen      total 56832K, used 49152K [0x00000000e0000000, 0x00000000e3f00000, 0x0000000100000000)
  eden space 49152K, 100% used [0x00000000e0000000,0x00000000e3000000,0x00000000e3000000)
  from space 7680K, 0% used [0x00000000e3780000,0x00000000e3780000,0x00000000e3f00000)
  to   space 7680K, 0% used [0x00000000e3000000,0x00000000e3000000,0x00000000e3780000)
 ParOldGen       total 130048K, used 0K [0x00000000a0000000, 0x00000000a7f00000, 0x00000000e0000000)
  object space 130048K, 0% used [0x00000000a0000000,0x00000000a0000000,0x00000000a7f00000)
 Metaspace       used 6877K, capacity 7120K, committed 7424K, reserved 1056768K
  class space    used 831K, capacity 908K, committed 1024K, reserved 1048576K
Event: 18.953 GC heap after
Heap after GC invocations=1 (full 0):
 PSYoungGen      total 56832K, used 5004K [0x00000000e0000000, 0x00000000e3f00000, 0x0000000100000000)
  eden space 49152K, 0% used [0x00000000e0000000,0x00000000e0000000,0x00000000e3000000)
  from space 7680K, 65% used [0x00000000e3000000,0x00000000e34e32e8,0x00000000e3780000)
  to   space 7680K, 0% used [0x00000000e3780000,0x00000000e3780000,0x00000000e3f00000)
 ParOldGen       total 130048K, used 8K [0x00000000a0000000, 0x00000000a7f00000, 0x00000000e0000000)
  object space 130048K, 0% used [0x00000000a0000000,0x00000000a0002000,0x00000000a7f00000)
 Metaspace       used 6877K, capacity 7120K, committed 7424K, reserved 1056768K
  class space    used 831K, capacity 908K, committed 1024K, reserved 1048576K
}
Event: 36.402 GC heap before
{Heap before GC invocations=2 (full 0):
 PSYoungGen      total 56832K, used 54156K [0x00000000e0000000, 0x00000000e3f00000, 0x0000000100000000)
  eden space 49152K, 100% used [0x00000000e0000000,0x00000000e3000000,0x00000000e3000000)
  from space 7680K, 65% used [0x00000000e3000000,0x00000000e34e32e8,0x00000000e3780000)
  to   space 7680K, 0% used [0x00000000e3780000,0x00000000e3780000,0x00000000e3f00000)
 ParOldGen       total 130048K, used 8K [0x00000000a0000000, 0x00000000a7f00000, 0x00000000e0000000)
  object space 130048K, 0% used [0x00000000a0000000,0x00000000a0002000,0x00000000a7f00000)
 Metaspace       used 12709K, capacity 13048K, committed 13440K, reserved 1060864K
  class space    used 1742K, capacity 1840K, committed 1920K, reserved 1048576K
Event: 36.443 GC heap after
Heap after GC invocations=2 (full 0):
 PSYoungGen      total 56832K, used 7409K [0x00000000e0000000, 0x00000000e3f00000, 0x0000000100000000)
  eden space 49152K, 0% used [0x00000000e0000000,0x00000000e0000000,0x00000000e3000000)
  from space 7680K, 96% used [0x00000000e3780000,0x00000000e3ebc6c0,0x00000000e3f00000)
  to   space 7680K, 0% used [0x00000000e3000000,0x00000000e3000000,0x00000000e3780000)
 ParOldGen       total 130048K, used 24K [0x00000000a0000000, 0x00000000a7f00000, 0x00000000e0000000)
  object space 130048K, 0% used [0x00000000a0000000,0x00000000a0006000,0x00000000a7f00000)
 Metaspace       used 12709K, capacity 13048K, committed 13440K, reserved 1060864K
  class space    used 1742K, capacity 1840K, committed 1920K, reserved 1048576K
}
Event: 50.648 GC heap before
{Heap before GC invocations=3 (full 0):
 PSYoungGen      total 56832K, used 56561K [0x00000000e0000000, 0x00000000e3f00000, 0x0000000100000000)
  eden space 49152K, 100% used [0x00000000e0000000,0x00000000e3000000,0x00000000e3000000)
  from space 7680K, 96% used [0x00000000e3780000,0x00000000e3ebc6c0,0x00000000e3f00000)
  to   space 7680K, 0% used [0x00000000e3000000,0x00000000e3000000,0x00000000e3780000)
 ParOldGen       total 130048K, used 24K [0x00000000a0000000, 0x00000000a7f00000, 0x00000000e0000000)
  object space 130048K, 0% used [0x00000000a0000000,0x00000000a0006000,0x00000000a7f00000)
 Metaspace       used 16784K, capacity 17160K, committed 17408K, reserved 1064960K
  class space    used 2417K, capacity 2554K, committed 2560K, reserved 1048576K
Event: 50.657 GC heap after
Heap after GC invocations=3 (full 0):
 PSYoungGen      total 56832K, used 7648K [0x00000000e0000000, 0x00000000e3f00000, 0x0000000100000000)
  eden space 49152K, 0% used [0x00000000e0000000,0x00000000e0000000,0x00000000e3000000)
  from space 7680K, 99% used [0x00000000e3000000,0x00000000e3778038,0x00000000e3780000)
  to   space 7680K, 0% used [0x00000000e3780000,0x00000000e3780000,0x00000000e3f00000)
 ParOldGen       total 130048K, used 1899K [0x00000000a0000000, 0x00000000a7f00000, 0x00000000e0000000)
  object space 130048K, 1% used [0x00000000a0000000,0x00000000a01dac78,0x00000000a7f00000)
 Metaspace       used 16784K, capacity 17160K, committed 17408K, reserved 1064960K
  class space    used 2417K, capacity 2554K, committed 2560K, reserved 1048576K
}
Event: 63.023 GC heap before
{Heap before GC invocations=4 (full 0):
 PSYoungGen      total 56832K, used 39421K [0x00000000e0000000, 0x00000000e3f00000, 0x0000000100000000)
  eden space 49152K, 64% used [0x00000000e0000000,0x00000000e1f074a0,0x00000000e3000000)
  from space 7680K, 99% used [0x00000000e3000000,0x00000000e3778038,0x00000000e3780000)
  to   space 7680K, 0% used [0x00000000e3780000,0x00000000e3780000,0x00000000e3f00000)
 ParOldGen       total 130048K, used 1899K [0x00000000a0000000, 0x00000000a7f00000, 0x00000000e0000000)
  object space 130048K, 1% used [0x00000000a0000000,0x00000000a01dac78,0x00000000a7f00000)
 Metaspace       used 20753K, capacity 21108K, committed 21248K, reserved 1067008K
  class space    used 2894K, capacity 3037K, committed 3072K, reserved 1048576K
Event: 63.039 GC heap after
Heap after GC invocations=4 (full 0):
 PSYoungGen      total 56832K, used 7660K [0x00000000e0000000, 0x00000000e3f00000, 0x0000000100000000)
  eden space 49152K, 0% used [0x00000000e0000000,0x00000000e0000000,0x00000000e3000000)
  from space 7680K, 99% used [0x00000000e3780000,0x00000000e3efb318,0x00000000e3f00000)
  to   space 7680K, 0% used [0x00000000e3000000,0x00000000e3000000,0x00000000e3780000)
 ParOldGen       total 130048K, used 4013K [0x00000000a0000000, 0x00000000a7f00000, 0x00000000e0000000)
  object space 130048K, 3% used [0x00000000a0000000,0x00000000a03eb678,0x00000000a7f00000)
 Metaspace       used 20753K, capacity 21108K, committed 21248K, reserved 1067008K
  class space    used 2894K, capacity 3037K, committed 3072K, reserved 1048576K
}
Event: 63.039 GC heap before
{Heap before GC invocations=5 (full 1):
 PSYoungGen      total 56832K, used 7660K [0x00000000e0000000, 0x00000000e3f00000, 0x0000000100000000)
  eden space 49152K, 0% used [0x00000000e0000000,0x00000000e0000000,0x00000000e3000000)
  from space 7680K, 99% used [0x00000000e3780000,0x00000000e3efb318,0x00000000e3f00000)
  to   space 7680K, 0% used [0x00000000e3000000,0x00000000e3000000,0x00000000e3780000)
 ParOldGen       total 130048K, used 4013K [0x00000000a0000000, 0x00000000a7f00000, 0x00000000e0000000)
  object space 130048K, 3% used [0x00000000a0000000,0x00000000a03eb678,0x00000000a7f00000)
 Metaspace       used 20753K, capacity 21108K, committed 21248K, reserved 1067008K
  class space    used 2894K, capacity 3037K, committed 3072K, reserved 1048576K
Event: 63.333 GC heap after
Heap after GC invocations=5 (full 1):
 PSYoungGen      total 56832K, used 0K [0x00000000e0000000, 0x00000000e3f00000, 0x0000000100000000)
  eden space 49152K, 0% used [0x00000000e0000000,0x00000000e0000000,0x00000000e3000000)
  from space 7680K, 0% used [0x00000000e3780000,0x00000000e3780000,0x00000000e3f00000)
  to   space 7680K, 0% used [0x00000000e3000000,0x00000000e3000000,0x00000000e3780000)
 ParOldGen       total 61440K, used 9507K [0x00000000a0000000, 0x00000000a3c00000, 0x00000000e0000000)
  object space 61440K, 15% used [0x00000000a0000000,0x00000000a0948d38,0x00000000a3c00000)
 Metaspace       used 20753K, capacity 21108K, committed 21248K, reserved 1067008K
  class space    used 2894K, capacity 3037K, committed 3072K, reserved 1048576K
}

Deoptimization events (10 events):
Event: 51.818 Thread 0x0000000019468000 Uncommon trap: reason=unstable_if action=reinterpret pc=0x0000000002b8cd48 method=java.net.URI.match(CJJ)Z @ 19
Event: 52.785 Thread 0x0000000019468000 Uncommon trap: reason=unstable_if action=reinterpret pc=0x0000000002d03558 method=java.io.File.getName()Ljava/lang/String; @ 16
Event: 57.136 Thread 0x0000000019468000 Uncommon trap: reason=class_check action=maybe_recompile pc=0x0000000002c1c1d8 method=sun.misc.URLClassPath.getLoader(I)Lsun/misc/URLClassPath$Loader; @ 94
Event: 57.136 Thread 0x0000000019468000 Uncommon trap: reason=class_check action=maybe_recompile pc=0x0000000002d6826c method=sun.misc.URLClassPath.getResource(Ljava/lang/String;Z)Lsun/misc/Resource; @ 62
Event: 57.136 Thread 0x0000000019468000 Uncommon trap: reason=unstable_if action=reinterpret pc=0x0000000002b54aac method=java.lang.String.regionMatches(ZILjava/lang/String;II)Z @ 41
Event: 57.230 Thread 0x0000000019468000 Uncommon trap: reason=unstable_if action=reinterpret pc=0x0000000002b9ee5c method=java.lang.ClassLoader.getClassLoadingLock(Ljava/lang/String;)Ljava/lang/Object; @ 6
Event: 63.334 Thread 0x0000000002a13000 Uncommon trap: reason=unstable_if action=reinterpret pc=0x0000000002ec243c method=java.lang.ref.Reference.tryHandlePending(Z)Z @ 104
Event: 74.573 Thread 0x0000000019468000 Uncommon trap: reason=bimorphic action=maybe_recompile pc=0x000000000314a440 method=org.codehaus.groovy.runtime.metaclass.MetaMethodIndex.addMethodToList(Ljava/lang/Object;Lgroovy/lang/MetaMethod;)Ljava/lang/Object; @ 96
Event: 74.573 Thread 0x0000000019468000 Uncommon trap: reason=unstable_if action=reinterpret pc=0x000000000314a390 method=org.codehaus.groovy.runtime.metaclass.MetaMethodIndex.isNonRealMethod(Lgroovy/lang/MetaMethod;)Z @ 4
Event: 76.406 Thread 0x0000000019468000 Uncommon trap: reason=unstable_if action=reinterpret pc=0x0000000002d83460 method=java.util.HashMap.hash(Ljava/lang/Object;)I @ 1

Classes redefined (0 events):
No events

Internal exceptions (10 events):
Event: 74.476 Thread 0x0000000019468000 Exception <a 'java/lang/ClassNotFoundException': org/gradle/initialization/DefaultSettingsBeanInfo> (0x00000000e215a740) thrown at [C:\src\AOSP-openjdk-git\hotspot\src\share\vm\classfile\systemDictionary.cpp, line 210]
Event: 74.477 Thread 0x0000000019468000 Exception <a 'java/lang/ClassNotFoundException': org/gradle/initialization/DefaultSettingsCustomizer> (0x00000000e2182870) thrown at [C:\src\AOSP-openjdk-git\hotspot\src\share\vm\classfile\systemDictionary.cpp, line 210]
Event: 74.479 Thread 0x0000000019468000 Exception <a 'java/lang/ClassNotFoundException': org/gradle/initialization/DefaultSettings_DecoratedCustomizer> (0x00000000e21e7508) thrown at [C:\src\AOSP-openjdk-git\hotspot\src\share\vm\classfile\systemDictionary.cpp, line 210]
Event: 74.490 Thread 0x0000000019468000 Exception <a 'java/lang/ClassNotFoundException': org/gradle/initialization/DefaultProjectDescriptorBeanInfo> (0x00000000e22956e8) thrown at [C:\src\AOSP-openjdk-git\hotspot\src\share\vm\classfile\systemDictionary.cpp, line 210]
Event: 74.490 Thread 0x0000000019468000 Exception <a 'java/lang/ClassNotFoundException': org/gradle/initialization/DefaultProjectDescriptorCustomizer> (0x00000000e22c0178) thrown at [C:\src\AOSP-openjdk-git\hotspot\src\share\vm\classfile\systemDictionary.cpp, line 210]
Event: 74.665 Thread 0x0000000019468000 Exception <a 'java/lang/ClassNotFoundException': sun/nio/fs/WindowsPathBeanInfo> (0x00000000e23a06f8) thrown at [C:\src\AOSP-openjdk-git\hotspot\src\share\vm\classfile\systemDictionary.cpp, line 210]
Event: 74.665 Thread 0x0000000019468000 Exception <a 'java/lang/ClassNotFoundException': sun/nio/fs/AbstractPathBeanInfo> (0x00000000e23a3690) thrown at [C:\src\AOSP-openjdk-git\hotspot\src\share\vm\classfile\systemDictionary.cpp, line 210]
Event: 74.665 Thread 0x0000000019468000 Exception <a 'java/lang/ClassNotFoundException': sun/nio/fs/AbstractPathCustomizer> (0x00000000e23a65e0) thrown at [C:\src\AOSP-openjdk-git\hotspot\src\share\vm\classfile\systemDictionary.cpp, line 210]
Event: 74.666 Thread 0x0000000019468000 Exception <a 'java/lang/ClassNotFoundException': sun/nio/fs/WindowsPathCustomizer> (0x00000000e23b2a58) thrown at [C:\src\AOSP-openjdk-git\hotspot\src\share\vm\classfile\systemDictionary.cpp, line 210]
Event: 76.406 Thread 0x0000000019468000 Implicit null exception at 0x0000000002d83255 to 0x0000000002d83451

Events (10 events):
Event: 76.657 loading class org/gradle/model/internal/manage/schema/extract/ModelSetStrategy
Event: 76.657 loading class org/gradle/model/internal/manage/schema/extract/ModelSetStrategy done
Event: 76.658 loading class org/gradle/model/internal/manage/schema/extract/ModelSetStrategy$1
Event: 76.658 loading class org/gradle/model/internal/manage/schema/extract/ModelSetStrategy$1 done
Event: 76.767 loading class org/gradle/model/internal/manage/schema/CollectionSchema
Event: 76.767 loading class org/gradle/model/internal/manage/schema/CollectionSchema done
Event: 76.799 loading class org/gradle/model/internal/manage/schema/ManagedImplSchema
Event: 76.799 loading class org/gradle/model/internal/manage/schema/ManagedImplSchema done
Event: 76.800 loading class org/gradle/model/internal/manage/schema/AbstractModelSchema
Event: 76.800 loading class org/gradle/model/internal/manage/schema/AbstractModelSchema done


Dynamic libraries:
0x00007ff7b7f20000 - 0x00007ff7b7f51000 	C:\Program Files\Android\Android Studio\jre\bin\java.exe
0x00007ff8d05a0000 - 0x00007ff8d0790000 	C:\Windows\SYSTEM32\ntdll.dll
0x00007ff8cff30000 - 0x00007ff8cffe2000 	C:\Windows\System32\KERNEL32.DLL
0x00007ff8cd9b0000 - 0x00007ff8cdc55000 	C:\Windows\System32\KERNELBASE.dll
0x00007ff8cfe80000 - 0x00007ff8cff23000 	C:\Windows\System32\ADVAPI32.dll
0x00007ff8cfcd0000 - 0x00007ff8cfd6e000 	C:\Windows\System32\msvcrt.dll
0x00007ff8cf620000 - 0x00007ff8cf6b7000 	C:\Windows\System32\sechost.dll
0x00007ff8cf090000 - 0x00007ff8cf1b0000 	C:\Windows\System32\RPCRT4.dll
0x00007ff8cfff0000 - 0x00007ff8d0184000 	C:\Windows\System32\USER32.dll
0x00007ff8ce530000 - 0x00007ff8ce551000 	C:\Windows\System32\win32u.dll
0x00007ff8d02b0000 - 0x00007ff8d02d6000 	C:\Windows\System32\GDI32.dll
0x00007ff8cd710000 - 0x00007ff8cd8a6000 	C:\Windows\System32\gdi32full.dll
0x00007ff8cd8b0000 - 0x00007ff8cd94e000 	C:\Windows\System32\msvcp_win.dll
0x00007ff8cd530000 - 0x00007ff8cd62a000 	C:\Windows\System32\ucrtbase.dll
0x00007ff8b9bd0000 - 0x00007ff8b9e54000 	C:\Windows\WinSxS\amd64_microsoft.windows.common-controls_6595b64144ccf1df_6.0.18362.1139_none_9e7bf2d3e4605ac6\COMCTL32.dll
0x00007ff8cf8a0000 - 0x00007ff8cfbd5000 	C:\Windows\System32\combase.dll
0x00007ff8ce5b0000 - 0x00007ff8ce630000 	C:\Windows\System32\bcryptPrimitives.dll
0x00007ff8cf6c0000 - 0x00007ff8cf6ee000 	C:\Windows\System32\IMM32.DLL
0x000000006ba40000 - 0x000000006bb12000 	C:\Program Files\Android\Android Studio\jre\jre\bin\msvcr100.dll
0x000000006b1f0000 - 0x000000006ba3b000 	C:\Program Files\Android\Android Studio\jre\jre\bin\server\jvm.dll
0x00007ff8d0550000 - 0x00007ff8d0558000 	C:\Windows\System32\PSAPI.DLL
0x00007ff8c2c60000 - 0x00007ff8c2c84000 	C:\Windows\SYSTEM32\WINMM.dll
0x00007ff8a9390000 - 0x00007ff8a9399000 	C:\Windows\SYSTEM32\WSOCK32.dll
0x00007ff8c3910000 - 0x00007ff8c391a000 	C:\Windows\SYSTEM32\VERSION.dll
0x00007ff8ce6e0000 - 0x00007ff8ce74f000 	C:\Windows\System32\WS2_32.dll
0x00007ff8c2c30000 - 0x00007ff8c2c5d000 	C:\Windows\SYSTEM32\WINMMBASE.dll
0x00007ff8ce560000 - 0x00007ff8ce5aa000 	C:\Windows\System32\cfgmgr32.dll
0x00007ff8a8ff0000 - 0x00007ff8a8fff000 	C:\Program Files\Android\Android Studio\jre\jre\bin\verify.dll
0x00007ff88dca0000 - 0x00007ff88dcc9000 	C:\Program Files\Android\Android Studio\jre\jre\bin\java.dll
0x00007ff891510000 - 0x00007ff891526000 	C:\Program Files\Android\Android Studio\jre\jre\bin\zip.dll
0x00007ff8ce820000 - 0x00007ff8cef07000 	C:\Windows\System32\SHELL32.dll
0x00007ff8cfd70000 - 0x00007ff8cfe19000 	C:\Windows\System32\shcore.dll
0x00007ff8cddb0000 - 0x00007ff8ce530000 	C:\Windows\System32\windows.storage.dll
0x00007ff8cd500000 - 0x00007ff8cd523000 	C:\Windows\System32\profapi.dll
0x00007ff8cd4b0000 - 0x00007ff8cd4fa000 	C:\Windows\System32\powrprof.dll
0x00007ff8cd460000 - 0x00007ff8cd470000 	C:\Windows\System32\UMPDC.dll
0x00007ff8d02e0000 - 0x00007ff8d0332000 	C:\Windows\System32\shlwapi.dll
0x00007ff8cd470000 - 0x00007ff8cd481000 	C:\Windows\System32\kernel.appcore.dll
0x00007ff8ce630000 - 0x00007ff8ce647000 	C:\Windows\System32\cryptsp.dll
0x00007ff8901f0000 - 0x00007ff89020a000 	C:\Program Files\Android\Android Studio\jre\jre\bin\net.dll
0x00007ff8cccb0000 - 0x00007ff8ccd17000 	C:\Windows\system32\mswsock.dll
0x00007ff88e890000 - 0x00007ff88e8a3000 	C:\Program Files\Android\Android Studio\jre\jre\bin\nio.dll
0x00007ff88dbe0000 - 0x00007ff88dc06000 	C:\Users\Administrator\.gradle\native\29\windows-amd64\native-platform.dll
0x00007ff8a8ec0000 - 0x00007ff8a8ecd000 	C:\Program Files\Android\Android Studio\jre\jre\bin\management.dll
0x00007ff8cc820000 - 0x00007ff8cc853000 	C:\Windows\system32\rsaenh.dll
0x00007ff8cd6e0000 - 0x00007ff8cd706000 	C:\Windows\System32\bcrypt.dll
0x00007ff8cd380000 - 0x00007ff8cd3a5000 	C:\Windows\SYSTEM32\USERENV.dll
0x00007ff8cce80000 - 0x00007ff8cce8c000 	C:\Windows\SYSTEM32\CRYPTBASE.dll
0x00007ff8cc9c0000 - 0x00007ff8cc9fa000 	C:\Windows\SYSTEM32\IPHLPAPI.DLL
0x00007ff8ce6d0000 - 0x00007ff8ce6d8000 	C:\Windows\System32\NSI.dll
0x00007ff8c4b50000 - 0x00007ff8c4b66000 	C:\Windows\SYSTEM32\dhcpcsvc6.DLL
0x00007ff8c4b30000 - 0x00007ff8c4b4c000 	C:\Windows\SYSTEM32\dhcpcsvc.DLL
0x00007ff8cca00000 - 0x00007ff8ccacb000 	C:\Windows\SYSTEM32\DNSAPI.dll

VM Arguments:
jvm_args: -Xmx1536M -Dfile.encoding=windows-1252 -Duser.country=US -Duser.language=en -Duser.variant 
java_command: org.gradle.launcher.daemon.bootstrap.GradleDaemon 5.4.1
java_class_path (initial): C:\Users\Administrator\.gradle\wrapper\dists\gradle-5.4.1-all\3221gyojl5jsh0helicew7rwx\gradle-5.4.1\lib\gradle-launcher-5.4.1.jar
Launcher Type: SUN_STANDARD

Environment Variables:
JAVA_HOME=C:\Program Files\Android\Android Studio\jre
CLASSPATH=C:\Users\Administrator\Desktop\#100DaysOfCode\AngelaCourses\dicee\android\\gradle\wrapper\gradle-wrapper.jar
PATH=C:\Program Files (x86)\Common Files\Intel\Shared Libraries\redist\intel64\compiler;C:\Users\Administrator\AppData\Local\Programs\Julia\Julia-1.4.1\bin;F:\skd_file\src\flutter\bin;C:\Users\Administrator\AppData\Roaming\Adobe\Adobe Photoshop 2020\Adobe Photoshop 2020;C:\Users\Administrator\AppData\Roaming\Adobe\Save for Web;C:\Users;C:\src\flutter\bin;C:\Program Files\Java\jdk1.8.0_201\bin;C:\Program Files\Java\jre1.8.0_241\bin;C:\Program Files (x86)\Common Files\Oracle\Java\javapath;C:\Windows\system32;C:\Windows;C:\Windows\System32\Wbem;C:\Windows\System32\WindowsPowerShell\v1.0\;C:\Windows\System32\OpenSSH\;C:\Program Files\Dart\dart-sdk\bin;C:\Program Files\Git\cmd;C:\Program Files (x86)\Microsoft SQL Server\150\DTS\Binn\;C:\Program Files\Microsoft SQL Server\Client SDK\ODBC\170\Tools\Binn\;C:\Program Files (x86)\Microsoft SQL Server\150\Tools\Binn\;C:\Program Files\Microsoft SQL Server\150\Tools\Binn\;C:\Program Files\Microsoft SQL Server\150\DTS\Binn\;C:\Users\Administrator\AppData\Local\Programs\Python\Python38-32\Scripts\;C:\Users\Administrator\AppData\Local\Programs\Python\Python38-32\;C:\Users\Administrator\AppData\Local\Microsoft\WindowsApps;;C:\Program Files\JetBrains\PyCharm Community Edition 2019.1.2\bin;;C:\Program Files\JetBrains\IntelliJ IDEA Community Edition 2019.3.4\bin;;C:\Users\Administrator\AppData\Local\Programs\Microsoft VS Code\bin;F:\skd_file\src\flutter\bin\mingit\cmd
USERNAME=Wilhit
OS=Windows_NT
PROCESSOR_IDENTIFIER=Intel64 Family 6 Model 61 Stepping 4, GenuineIntel



---------------  S Y S T E M  ---------------

OS: Windows 10.0 , 64 bit Build 18362 (10.0.18362.1110)

CPU:total 4 (initial active 4) (2 cores per cpu, 2 threads per core) family 6 model 61 stepping 4, cmov, cx8, fxsr, mmx, sse, sse2, sse3, ssse3, sse4.1, sse4.2, popcnt, avx, avx2, aes, clmul, erms, 3dnowpref, lzcnt, ht, tsc, tscinvbit, bmi1, bmi2, adx

Memory: 4k page, physical 12373080k(1530316k free), swap 17493080k(439052k free)

vm_info: OpenJDK 64-Bit Server VM (25.242-b01) for windows-amd64 JRE (1.8.0_242-release-1644-b01), built by "builder" with MS VC++ 10.0 (VS2010)

time: Mon Nov 02 21:48:35 2020
timezone: Namibia Standard Time
elapsed time: 77 seconds (0d 0h 1m 17s)

